  [4;36;1mSQL (0.1ms)[0m   [0;1mSET SQL_AUTO_IS_NULL=0[0m
  [4;35;1mSQL (1.3ms)[0m   [0mSHOW TABLES[0m
  [4;36;1mSQL (106.7ms)[0m   [0;1mCREATE TABLE `schema_migrations` (`version` varchar(255) NOT NULL) ENGINE=InnoDB[0m
  [4;35;1mSQL (0.4ms)[0m   [0mSHOW KEYS FROM `schema_migrations`[0m
  [4;36;1mSQL (155.7ms)[0m   [0;1mCREATE UNIQUE INDEX `unique_schema_migrations` ON `schema_migrations` (`version`)[0m
  [4;35;1mSQL (0.4ms)[0m   [0mSHOW TABLES[0m
  [4;36;1mSQL (0.4ms)[0m   [0;1mSELECT version FROM schema_migrations[0m
Migrating to CreateClients (20110128003348)
  [4;35;1mSQL (61.3ms)[0m   [0mCREATE TABLE `clients` (`id` int(11) DEFAULT NULL auto_increment PRIMARY KEY, `name` varchar(255), `tel1` varchar(255), `tel2` varchar(255), `contact` varchar(255), `parent_id` int(11), `observation` text, `created_at` datetime, `updated_at` datetime) ENGINE=InnoDB[0m
  [4;36;1mSQL (0.6ms)[0m   [0;1mINSERT INTO schema_migrations (version) VALUES ('20110128003348')[0m
Migrating to CreateClientAddresses (20110128003358)
  [4;35;1mSQL (55.6ms)[0m   [0mCREATE TABLE `client_addresses` (`id` int(11) DEFAULT NULL auto_increment PRIMARY KEY, `client_id` int(11), `title` varchar(255), `address` varchar(255), `city` varchar(255), `state` varchar(255), `district` varchar(255), `zipcode` varchar(255), `default` tinyint(1), `created_at` datetime, `updated_at` datetime) ENGINE=InnoDB[0m
  [4;36;1mSQL (0.5ms)[0m   [0;1mINSERT INTO schema_migrations (version) VALUES ('20110128003358')[0m
Migrating to CreateAccounts (20110128003405)
  [4;35;1mSQL (80.7ms)[0m   [0mCREATE TABLE `accounts` (`id` int(11) DEFAULT NULL auto_increment PRIMARY KEY, `name` varchar(255), `email` varchar(255), `account_department_id` int(11), `created_at` datetime, `updated_at` datetime) ENGINE=InnoDB[0m
  [4;36;1mSQL (0.5ms)[0m   [0;1mINSERT INTO schema_migrations (version) VALUES ('20110128003405')[0m
Migrating to CreateAccountDepartments (20110128003411)
  [4;35;1mSQL (72.4ms)[0m   [0mCREATE TABLE `account_departments` (`id` int(11) DEFAULT NULL auto_increment PRIMARY KEY, `name` varchar(255), `description` text, `created_at` datetime, `updated_at` datetime) ENGINE=InnoDB[0m
  [4;36;1mSQL (0.4ms)[0m   [0;1mINSERT INTO schema_migrations (version) VALUES ('20110128003411')[0m
Migrating to CreateTechnicals (20110128003421)
  [4;35;1mSQL (185.2ms)[0m   [0mCREATE TABLE `technicals` (`id` int(11) DEFAULT NULL auto_increment PRIMARY KEY, `name` varchar(255), `tel1` varchar(255), `tel2` varchar(255), `nextel` varchar(255), `email` varchar(255), `regions_id` int(11), `created_at` datetime, `updated_at` datetime) ENGINE=InnoDB[0m
  [4;36;1mSQL (0.4ms)[0m   [0;1mINSERT INTO schema_migrations (version) VALUES ('20110128003421')[0m
Migrating to CreateTechnocalClientAddresses (20110128003427)
  [4;35;1mSQL (53.0ms)[0m   [0mCREATE TABLE `technocal_client_addresses` (`id` int(11) DEFAULT NULL auto_increment PRIMARY KEY, `technical_id` int(11), `client_address_id` int(11), `created_at` datetime, `updated_at` datetime) ENGINE=InnoDB[0m
  [4;36;1mSQL (0.4ms)[0m   [0;1mINSERT INTO schema_migrations (version) VALUES ('20110128003427')[0m
Migrating to CreateTechnicalsEquipments (20110128003434)
  [4;35;1mSQL (55.8ms)[0m   [0mCREATE TABLE `technicals_equipments` (`id` int(11) DEFAULT NULL auto_increment PRIMARY KEY, `equipment_id` int(11), `technical_id` int(11), `confirmation` tinyint(1), `archive` tinyint(1), `created_at` datetime, `updated_at` datetime) ENGINE=InnoDB[0m
  [4;36;1mSQL (0.4ms)[0m   [0;1mINSERT INTO schema_migrations (version) VALUES ('20110128003434')[0m
Migrating to CreateEquipment (20110128003437)
  [4;35;1mSQL (55.5ms)[0m   [0mCREATE TABLE `equipment` (`id` int(11) DEFAULT NULL auto_increment PRIMARY KEY, `name` varchar(255), `description` text, `amount` float, `delivery_date` datetime, `created_at` datetime, `updated_at` datetime) ENGINE=InnoDB[0m
  [4;36;1mSQL (0.4ms)[0m   [0;1mINSERT INTO schema_migrations (version) VALUES ('20110128003437')[0m
Migrating to CreateOrders (20110128003501)
  [4;35;1mSQL (177.2ms)[0m   [0mCREATE TABLE `orders` (`id` int(11) DEFAULT NULL auto_increment PRIMARY KEY, `order_type_id` int(11), `order_category_id` int(11), `client_id` int(11), `account_id` int(11), `technical_id` int(11), `technical_information` datetime, `status` varchar(255), `description` text, `observation` text, `notification` tinyint(1), `first_call_fix` tinyint(1), `done` tinyint(1), `created_at` datetime, `updated_at` datetime) ENGINE=InnoDB[0m
  [4;36;1mSQL (0.5ms)[0m   [0;1mINSERT INTO schema_migrations (version) VALUES ('20110128003501')[0m
Migrating to CreateOrderTypes (20110128003508)
  [4;35;1mSQL (52.0ms)[0m   [0mCREATE TABLE `order_types` (`id` int(11) DEFAULT NULL auto_increment PRIMARY KEY, `name` varchar(255), `description` text, `created_at` datetime, `updated_at` datetime) ENGINE=InnoDB[0m
  [4;36;1mSQL (0.4ms)[0m   [0;1mINSERT INTO schema_migrations (version) VALUES ('20110128003508')[0m
Migrating to CreateOrderCategories (20110128003512)
  [4;35;1mSQL (55.4ms)[0m   [0mCREATE TABLE `order_categories` (`id` int(11) DEFAULT NULL auto_increment PRIMARY KEY, `name` varchar(255), `description` text, `created_at` datetime, `updated_at` datetime) ENGINE=InnoDB[0m
  [4;36;1mSQL (0.5ms)[0m   [0;1mINSERT INTO schema_migrations (version) VALUES ('20110128003512')[0m
Migrating to CreateOrdersProducts (20110128003518)
  [4;35;1mSQL (72.3ms)[0m   [0mCREATE TABLE `orders_products` (`id` int(11) DEFAULT NULL auto_increment PRIMARY KEY, `product_id` int(11), `order_id` int(11), `amount` float, `lote` varchar(255), `resolved` tinyint(1), `description` text, `created_at` datetime, `updated_at` datetime) ENGINE=InnoDB[0m
  [4;36;1mSQL (0.5ms)[0m   [0;1mINSERT INTO schema_migrations (version) VALUES ('20110128003518')[0m
Migrating to CreateProducts (20110128003522)
  [4;35;1mSQL (55.5ms)[0m   [0mCREATE TABLE `products` (`id` int(11) DEFAULT NULL auto_increment PRIMARY KEY, `name` varchar(255), `cod` varchar(255), `cod_universal` varchar(255), `description` text, `product_category_id` int(11), `created_at` datetime, `updated_at` datetime) ENGINE=InnoDB[0m
  [4;36;1mSQL (0.5ms)[0m   [0;1mINSERT INTO schema_migrations (version) VALUES ('20110128003522')[0m
Migrating to CreateProductCategories (20110128003527)
  [4;35;1mSQL (64.0ms)[0m   [0mCREATE TABLE `product_categories` (`id` int(11) DEFAULT NULL auto_increment PRIMARY KEY, `name` varchar(255), `description` text, `created_at` datetime, `updated_at` datetime) ENGINE=InnoDB[0m
  [4;36;1mSQL (0.5ms)[0m   [0;1mINSERT INTO schema_migrations (version) VALUES ('20110128003527')[0m
  [4;35;1mSQL (1.1ms)[0m   [0mSHOW TABLES[0m
  [4;36;1mSQL (0.2ms)[0m   [0;1mSELECT version FROM schema_migrations[0m
  [4;35;1mSQL (0.9ms)[0m   [0mSHOW TABLES[0m
  [4;36;1mSQL (1.6ms)[0m   [0;1mSHOW FIELDS FROM `account_departments`[0m
  [4;35;1mSQL (1.6ms)[0m   [0mdescribe `account_departments`[0m
  [4;36;1mSQL (0.9ms)[0m   [0;1mSHOW KEYS FROM `account_departments`[0m
  [4;35;1mSQL (1.4ms)[0m   [0mSHOW FIELDS FROM `accounts`[0m
  [4;36;1mSQL (1.8ms)[0m   [0;1mdescribe `accounts`[0m
  [4;35;1mSQL (0.3ms)[0m   [0mSHOW KEYS FROM `accounts`[0m
  [4;36;1mSQL (1.9ms)[0m   [0;1mSHOW FIELDS FROM `client_addresses`[0m
  [4;35;1mSQL (1.4ms)[0m   [0mdescribe `client_addresses`[0m
  [4;36;1mSQL (0.3ms)[0m   [0;1mSHOW KEYS FROM `client_addresses`[0m
  [4;35;1mSQL (1.6ms)[0m   [0mSHOW FIELDS FROM `clients`[0m
  [4;36;1mSQL (1.5ms)[0m   [0;1mdescribe `clients`[0m
  [4;35;1mSQL (0.3ms)[0m   [0mSHOW KEYS FROM `clients`[0m
  [4;36;1mSQL (1.4ms)[0m   [0;1mSHOW FIELDS FROM `equipment`[0m
  [4;35;1mSQL (3.5ms)[0m   [0mdescribe `equipment`[0m
  [4;36;1mSQL (0.9ms)[0m   [0;1mSHOW KEYS FROM `equipment`[0m
  [4;35;1mSQL (1.5ms)[0m   [0mSHOW FIELDS FROM `order_categories`[0m
  [4;36;1mSQL (1.7ms)[0m   [0;1mdescribe `order_categories`[0m
  [4;35;1mSQL (0.8ms)[0m   [0mSHOW KEYS FROM `order_categories`[0m
  [4;36;1mSQL (1.5ms)[0m   [0;1mSHOW FIELDS FROM `order_types`[0m
  [4;35;1mSQL (1.5ms)[0m   [0mdescribe `order_types`[0m
  [4;36;1mSQL (0.5ms)[0m   [0;1mSHOW KEYS FROM `order_types`[0m
  [4;35;1mSQL (1.7ms)[0m   [0mSHOW FIELDS FROM `orders`[0m
  [4;36;1mSQL (1.7ms)[0m   [0;1mdescribe `orders`[0m
  [4;35;1mSQL (0.3ms)[0m   [0mSHOW KEYS FROM `orders`[0m
  [4;36;1mSQL (2.7ms)[0m   [0;1mSHOW FIELDS FROM `orders_products`[0m
  [4;35;1mSQL (1.4ms)[0m   [0mdescribe `orders_products`[0m
  [4;36;1mSQL (0.3ms)[0m   [0;1mSHOW KEYS FROM `orders_products`[0m
  [4;35;1mSQL (1.3ms)[0m   [0mSHOW FIELDS FROM `product_categories`[0m
  [4;36;1mSQL (1.2ms)[0m   [0;1mdescribe `product_categories`[0m
  [4;35;1mSQL (0.3ms)[0m   [0mSHOW KEYS FROM `product_categories`[0m
  [4;36;1mSQL (1.5ms)[0m   [0;1mSHOW FIELDS FROM `products`[0m
  [4;35;1mSQL (1.8ms)[0m   [0mdescribe `products`[0m
  [4;36;1mSQL (0.3ms)[0m   [0;1mSHOW KEYS FROM `products`[0m
  [4;35;1mSQL (1.5ms)[0m   [0mSHOW FIELDS FROM `technicals`[0m
  [4;36;1mSQL (1.3ms)[0m   [0;1mdescribe `technicals`[0m
  [4;35;1mSQL (0.3ms)[0m   [0mSHOW KEYS FROM `technicals`[0m
  [4;36;1mSQL (1.4ms)[0m   [0;1mSHOW FIELDS FROM `technicals_equipments`[0m
  [4;35;1mSQL (1.2ms)[0m   [0mdescribe `technicals_equipments`[0m
  [4;36;1mSQL (0.6ms)[0m   [0;1mSHOW KEYS FROM `technicals_equipments`[0m
  [4;35;1mSQL (1.5ms)[0m   [0mSHOW FIELDS FROM `technocal_client_addresses`[0m
  [4;36;1mSQL (1.2ms)[0m   [0;1mdescribe `technocal_client_addresses`[0m
  [4;35;1mSQL (0.3ms)[0m   [0mSHOW KEYS FROM `technocal_client_addresses`[0m
  [4;36;1mSQL (0.1ms)[0m   [0;1mSET SQL_AUTO_IS_NULL=0[0m
  [4;35;1mSQL (0.7ms)[0m   [0mSHOW TABLES[0m
  [4;36;1mSQL (56.6ms)[0m   [0;1mSELECT version FROM schema_migrations[0m
Migrating to CreateClients (20110128003348)
Migrating to CreateClientAddresses (20110128003358)
Migrating to CreateAccounts (20110128003405)
Migrating to CreateAccountDepartments (20110128003411)
Migrating to CreateTechnicals (20110128003421)
Migrating to CreateTechnocalClientAddresses (20110128003427)
Migrating to CreateTechnicalsEquipments (20110128003434)
Migrating to CreateEquipment (20110128003437)
Migrating to CreateOrders (20110128003501)
Migrating to CreateOrderTypes (20110128003508)
Migrating to CreateOrderCategories (20110128003512)
Migrating to CreateOrdersProducts (20110128003518)
Migrating to CreateProducts (20110128003522)
Migrating to CreateProductCategories (20110128003527)
  [4;35;1mSQL (0.7ms)[0m   [0mSHOW TABLES[0m
  [4;36;1mSQL (0.1ms)[0m   [0;1mSELECT version FROM schema_migrations[0m
  [4;35;1mSQL (0.5ms)[0m   [0mSHOW TABLES[0m
  [4;36;1mSQL (27.0ms)[0m   [0;1mSHOW FIELDS FROM `account_departments`[0m
  [4;35;1mSQL (0.9ms)[0m   [0mdescribe `account_departments`[0m
  [4;36;1mSQL (0.4ms)[0m   [0;1mSHOW KEYS FROM `account_departments`[0m
  [4;35;1mSQL (1.8ms)[0m   [0mSHOW FIELDS FROM `accounts`[0m
  [4;36;1mSQL (1.1ms)[0m   [0;1mdescribe `accounts`[0m
  [4;35;1mSQL (0.3ms)[0m   [0mSHOW KEYS FROM `accounts`[0m
  [4;36;1mSQL (2.2ms)[0m   [0;1mSHOW FIELDS FROM `client_addresses`[0m
  [4;35;1mSQL (1.1ms)[0m   [0mdescribe `client_addresses`[0m
  [4;36;1mSQL (0.2ms)[0m   [0;1mSHOW KEYS FROM `client_addresses`[0m
  [4;35;1mSQL (2.1ms)[0m   [0mSHOW FIELDS FROM `clients`[0m
  [4;36;1mSQL (1.0ms)[0m   [0;1mdescribe `clients`[0m
  [4;35;1mSQL (0.2ms)[0m   [0mSHOW KEYS FROM `clients`[0m
  [4;36;1mSQL (8.9ms)[0m   [0;1mSHOW FIELDS FROM `equipment`[0m
  [4;35;1mSQL (1.1ms)[0m   [0mdescribe `equipment`[0m
  [4;36;1mSQL (0.3ms)[0m   [0;1mSHOW KEYS FROM `equipment`[0m
  [4;35;1mSQL (1.6ms)[0m   [0mSHOW FIELDS FROM `order_categories`[0m
  [4;36;1mSQL (0.9ms)[0m   [0;1mdescribe `order_categories`[0m
  [4;35;1mSQL (0.4ms)[0m   [0mSHOW KEYS FROM `order_categories`[0m
  [4;36;1mSQL (1.6ms)[0m   [0;1mSHOW FIELDS FROM `order_types`[0m
  [4;35;1mSQL (1.0ms)[0m   [0mdescribe `order_types`[0m
  [4;36;1mSQL (0.3ms)[0m   [0;1mSHOW KEYS FROM `order_types`[0m
  [4;35;1mSQL (3.0ms)[0m   [0mSHOW FIELDS FROM `orders`[0m
  [4;36;1mSQL (1.6ms)[0m   [0;1mdescribe `orders`[0m
  [4;35;1mSQL (0.3ms)[0m   [0mSHOW KEYS FROM `orders`[0m
  [4;36;1mSQL (1.3ms)[0m   [0;1mSHOW FIELDS FROM `orders_products`[0m
  [4;35;1mSQL (1.0ms)[0m   [0mdescribe `orders_products`[0m
  [4;36;1mSQL (0.2ms)[0m   [0;1mSHOW KEYS FROM `orders_products`[0m
  [4;35;1mSQL (1.2ms)[0m   [0mSHOW FIELDS FROM `product_categories`[0m
  [4;36;1mSQL (1.1ms)[0m   [0;1mdescribe `product_categories`[0m
  [4;35;1mSQL (0.2ms)[0m   [0mSHOW KEYS FROM `product_categories`[0m
  [4;36;1mSQL (1.5ms)[0m   [0;1mSHOW FIELDS FROM `products`[0m
  [4;35;1mSQL (0.9ms)[0m   [0mdescribe `products`[0m
  [4;36;1mSQL (0.2ms)[0m   [0;1mSHOW KEYS FROM `products`[0m
  [4;35;1mSQL (1.4ms)[0m   [0mSHOW FIELDS FROM `technicals`[0m
  [4;36;1mSQL (1.1ms)[0m   [0;1mdescribe `technicals`[0m
  [4;35;1mSQL (0.2ms)[0m   [0mSHOW KEYS FROM `technicals`[0m
  [4;36;1mSQL (1.4ms)[0m   [0;1mSHOW FIELDS FROM `technicals_equipments`[0m
  [4;35;1mSQL (0.9ms)[0m   [0mdescribe `technicals_equipments`[0m
  [4;36;1mSQL (0.2ms)[0m   [0;1mSHOW KEYS FROM `technicals_equipments`[0m
  [4;35;1mSQL (1.4ms)[0m   [0mSHOW FIELDS FROM `technocal_client_addresses`[0m
  [4;36;1mSQL (0.8ms)[0m   [0;1mdescribe `technocal_client_addresses`[0m
  [4;35;1mSQL (0.2ms)[0m   [0mSHOW KEYS FROM `technocal_client_addresses`[0m
  [4;36;1mSQL (0.2ms)[0m   [0;1mSET SQL_AUTO_IS_NULL=0[0m


Processing Admin::ProductsController#index (for 127.0.0.1 at 2011-01-30 17:58:17) [GET]
  [4;35;1mProduct Load (0.4ms)[0m   [0mSELECT * FROM `products` [0m

ActionView::MissingTemplate (Missing template admin/products/index.erb in view path app/views):
  app/controllers/admin/products_controller.rb:7:in `index'
  /Users/claudiomartins/.rvm/rubies/ruby-1.8.7-p302/lib/ruby/1.8/webrick/httpserver.rb:104:in `service'
  /Users/claudiomartins/.rvm/rubies/ruby-1.8.7-p302/lib/ruby/1.8/webrick/httpserver.rb:65:in `run'
  /Users/claudiomartins/.rvm/rubies/ruby-1.8.7-p302/lib/ruby/1.8/webrick/server.rb:173:in `start_thread'
  /Users/claudiomartins/.rvm/rubies/ruby-1.8.7-p302/lib/ruby/1.8/webrick/server.rb:162:in `start'
  /Users/claudiomartins/.rvm/rubies/ruby-1.8.7-p302/lib/ruby/1.8/webrick/server.rb:162:in `start_thread'
  /Users/claudiomartins/.rvm/rubies/ruby-1.8.7-p302/lib/ruby/1.8/webrick/server.rb:95:in `start'
  /Users/claudiomartins/.rvm/rubies/ruby-1.8.7-p302/lib/ruby/1.8/webrick/server.rb:92:in `each'
  /Users/claudiomartins/.rvm/rubies/ruby-1.8.7-p302/lib/ruby/1.8/webrick/server.rb:92:in `start'
  /Users/claudiomartins/.rvm/rubies/ruby-1.8.7-p302/lib/ruby/1.8/webrick/server.rb:23:in `start'
  /Users/claudiomartins/.rvm/rubies/ruby-1.8.7-p302/lib/ruby/1.8/webrick/server.rb:82:in `start'

Rendering rescues/layout (internal_server_error)
  [4;36;1mSQL (0.2ms)[0m   [0;1mSET SQL_AUTO_IS_NULL=0[0m


Processing Admin::ProductsController#index (for 127.0.0.1 at 2011-01-30 18:13:10) [GET]
  [4;35;1mProduct Load (0.4ms)[0m   [0mSELECT * FROM `products` [0m
Rendering template within layouts/application
Rendering admin/products/index

ActionView::TemplateError (undefined local variable or method `new_product_path' for #<ActionView::Base:0x2a1ef58>) on line #28 of app/views/admin/products/index.html.erb:
25: 
26: <br />
27: 
28: <%= link_to 'New product', new_product_path %>

    app/views/admin/products/index.html.erb:28
    app/controllers/admin/products_controller.rb:7:in `index'
    /Users/claudiomartins/.rvm/rubies/ruby-1.8.7-p302/lib/ruby/1.8/webrick/httpserver.rb:104:in `service'
    /Users/claudiomartins/.rvm/rubies/ruby-1.8.7-p302/lib/ruby/1.8/webrick/httpserver.rb:65:in `run'
    /Users/claudiomartins/.rvm/rubies/ruby-1.8.7-p302/lib/ruby/1.8/webrick/server.rb:173:in `start_thread'
    /Users/claudiomartins/.rvm/rubies/ruby-1.8.7-p302/lib/ruby/1.8/webrick/server.rb:162:in `start'
    /Users/claudiomartins/.rvm/rubies/ruby-1.8.7-p302/lib/ruby/1.8/webrick/server.rb:162:in `start_thread'
    /Users/claudiomartins/.rvm/rubies/ruby-1.8.7-p302/lib/ruby/1.8/webrick/server.rb:95:in `start'
    /Users/claudiomartins/.rvm/rubies/ruby-1.8.7-p302/lib/ruby/1.8/webrick/server.rb:92:in `each'
    /Users/claudiomartins/.rvm/rubies/ruby-1.8.7-p302/lib/ruby/1.8/webrick/server.rb:92:in `start'
    /Users/claudiomartins/.rvm/rubies/ruby-1.8.7-p302/lib/ruby/1.8/webrick/server.rb:23:in `start'
    /Users/claudiomartins/.rvm/rubies/ruby-1.8.7-p302/lib/ruby/1.8/webrick/server.rb:82:in `start'

Rendered rescues/_trace (71.3ms)
Rendered rescues/_request_and_response (1.8ms)
Rendering rescues/layout (internal_server_error)
  [4;36;1mSQL (0.1ms)[0m   [0;1mSET SQL_AUTO_IS_NULL=0[0m


Processing Admin::AccountDepartmentsController#index (for 127.0.0.1 at 2011-01-30 18:15:04) [GET]
  [4;35;1mAccountDepartment Load (0.4ms)[0m   [0mSELECT * FROM `account_departments` [0m
Rendering template within layouts/application
Rendering admin/account_departments/index

ActionView::TemplateError (undefined local variable or method `new_account_department_path' for #<ActionView::Base:0x2a5b728>) on line #22 of app/views/admin/account_departments/index.html.erb:
19: 
20: <br />
21: 
22: <%= link_to 'New account_department', new_account_department_path %>

    app/views/admin/account_departments/index.html.erb:22
    app/controllers/admin/account_departments_controller.rb:7:in `index'
    /Users/claudiomartins/.rvm/rubies/ruby-1.8.7-p302/lib/ruby/1.8/webrick/httpserver.rb:104:in `service'
    /Users/claudiomartins/.rvm/rubies/ruby-1.8.7-p302/lib/ruby/1.8/webrick/httpserver.rb:65:in `run'
    /Users/claudiomartins/.rvm/rubies/ruby-1.8.7-p302/lib/ruby/1.8/webrick/server.rb:173:in `start_thread'
    /Users/claudiomartins/.rvm/rubies/ruby-1.8.7-p302/lib/ruby/1.8/webrick/server.rb:162:in `start'
    /Users/claudiomartins/.rvm/rubies/ruby-1.8.7-p302/lib/ruby/1.8/webrick/server.rb:162:in `start_thread'
    /Users/claudiomartins/.rvm/rubies/ruby-1.8.7-p302/lib/ruby/1.8/webrick/server.rb:95:in `start'
    /Users/claudiomartins/.rvm/rubies/ruby-1.8.7-p302/lib/ruby/1.8/webrick/server.rb:92:in `each'
    /Users/claudiomartins/.rvm/rubies/ruby-1.8.7-p302/lib/ruby/1.8/webrick/server.rb:92:in `start'
    /Users/claudiomartins/.rvm/rubies/ruby-1.8.7-p302/lib/ruby/1.8/webrick/server.rb:23:in `start'
    /Users/claudiomartins/.rvm/rubies/ruby-1.8.7-p302/lib/ruby/1.8/webrick/server.rb:82:in `start'

Rendered rescues/_trace (160.2ms)
Rendered rescues/_request_and_response (0.3ms)
Rendering rescues/layout (internal_server_error)
  [4;36;1mSQL (0.3ms)[0m   [0;1mSET SQL_AUTO_IS_NULL=0[0m


Processing Admin::AccountDepartmentsController#index (for 127.0.0.1 at 2011-01-30 18:15:21) [GET]
  [4;35;1mAccountDepartment Load (0.3ms)[0m   [0mSELECT * FROM `account_departments` [0m
Rendering template within layouts/application
Rendering admin/account_departments/index

ActionView::TemplateError (No expansion found for :style) on line #7 of app/views/layouts/application.html.erb:
4: 	<head>
5: 		<% production = false %>
6: 		<%= javascript_include_tag :defaults, :cache => production %>
7: 		<%= stylesheet_link_tag :style, :cache => production %>
8: 	</head>
9: 	<body>
10: 		<div class="wrapper">

    app/views/layouts/application.html.erb:7
    app/controllers/admin/account_departments_controller.rb:7:in `index'
    /Users/claudiomartins/.rvm/rubies/ruby-1.8.7-p302/lib/ruby/1.8/webrick/httpserver.rb:104:in `service'
    /Users/claudiomartins/.rvm/rubies/ruby-1.8.7-p302/lib/ruby/1.8/webrick/httpserver.rb:65:in `run'
    /Users/claudiomartins/.rvm/rubies/ruby-1.8.7-p302/lib/ruby/1.8/webrick/server.rb:173:in `start_thread'
    /Users/claudiomartins/.rvm/rubies/ruby-1.8.7-p302/lib/ruby/1.8/webrick/server.rb:162:in `start'
    /Users/claudiomartins/.rvm/rubies/ruby-1.8.7-p302/lib/ruby/1.8/webrick/server.rb:162:in `start_thread'
    /Users/claudiomartins/.rvm/rubies/ruby-1.8.7-p302/lib/ruby/1.8/webrick/server.rb:95:in `start'
    /Users/claudiomartins/.rvm/rubies/ruby-1.8.7-p302/lib/ruby/1.8/webrick/server.rb:92:in `each'
    /Users/claudiomartins/.rvm/rubies/ruby-1.8.7-p302/lib/ruby/1.8/webrick/server.rb:92:in `start'
    /Users/claudiomartins/.rvm/rubies/ruby-1.8.7-p302/lib/ruby/1.8/webrick/server.rb:23:in `start'
    /Users/claudiomartins/.rvm/rubies/ruby-1.8.7-p302/lib/ruby/1.8/webrick/server.rb:82:in `start'

Rendered rescues/_trace (74.8ms)
Rendered rescues/_request_and_response (0.4ms)
Rendering rescues/layout (internal_server_error)
  [4;36;1mSQL (0.1ms)[0m   [0;1mSET SQL_AUTO_IS_NULL=0[0m


Processing Admin::ProductsController#index (for 127.0.0.1 at 2011-01-30 18:18:25) [GET]
  [4;35;1mProduct Load (0.4ms)[0m   [0mSELECT * FROM `products` [0m
Rendering template within layouts/application
Rendering admin/products/index

ActionView::TemplateError (No expansion found for :style) on line #7 of app/views/layouts/application.html.erb:
4: 	<head>
5: 		<% production = false %>
6: 		<%= javascript_include_tag :defaults, :cache => production %>
7: 		<%= stylesheet_link_tag :style, :cache => production %>
8: 	</head>
9: 	<body>
10: 		<div class="wrapper">

    app/views/layouts/application.html.erb:7
    app/controllers/admin/products_controller.rb:7:in `index'
    /Users/claudiomartins/.rvm/rubies/ruby-1.8.7-p302/lib/ruby/1.8/webrick/httpserver.rb:104:in `service'
    /Users/claudiomartins/.rvm/rubies/ruby-1.8.7-p302/lib/ruby/1.8/webrick/httpserver.rb:65:in `run'
    /Users/claudiomartins/.rvm/rubies/ruby-1.8.7-p302/lib/ruby/1.8/webrick/server.rb:173:in `start_thread'
    /Users/claudiomartins/.rvm/rubies/ruby-1.8.7-p302/lib/ruby/1.8/webrick/server.rb:162:in `start'
    /Users/claudiomartins/.rvm/rubies/ruby-1.8.7-p302/lib/ruby/1.8/webrick/server.rb:162:in `start_thread'
    /Users/claudiomartins/.rvm/rubies/ruby-1.8.7-p302/lib/ruby/1.8/webrick/server.rb:95:in `start'
    /Users/claudiomartins/.rvm/rubies/ruby-1.8.7-p302/lib/ruby/1.8/webrick/server.rb:92:in `each'
    /Users/claudiomartins/.rvm/rubies/ruby-1.8.7-p302/lib/ruby/1.8/webrick/server.rb:92:in `start'
    /Users/claudiomartins/.rvm/rubies/ruby-1.8.7-p302/lib/ruby/1.8/webrick/server.rb:23:in `start'
    /Users/claudiomartins/.rvm/rubies/ruby-1.8.7-p302/lib/ruby/1.8/webrick/server.rb:82:in `start'

Rendered rescues/_trace (77.9ms)
Rendered rescues/_request_and_response (0.3ms)
Rendering rescues/layout (internal_server_error)
  [4;36;1mSQL (0.2ms)[0m   [0;1mSET SQL_AUTO_IS_NULL=0[0m


Processing Admin::ProductsController#index (for 127.0.0.1 at 2011-01-30 18:18:47) [GET]
  [4;35;1mProduct Load (0.4ms)[0m   [0mSELECT * FROM `products` [0m
Rendering template within layouts/application
Rendering admin/products/index
Completed in 15ms (View: 8, DB: 1) | 200 OK [http://localhost/admin/products]
  [4;36;1mSQL (0.1ms)[0m   [0;1mSET SQL_AUTO_IS_NULL=0[0m


Processing ApplicationController#index (for 127.0.0.1 at 2011-01-30 18:18:48) [GET]

ActionController::RoutingError (No route matches "/stylesheets/style.css" with {:method=>:get}):
  /Users/claudiomartins/.rvm/rubies/ruby-1.8.7-p302/lib/ruby/1.8/webrick/httpserver.rb:104:in `service'
  /Users/claudiomartins/.rvm/rubies/ruby-1.8.7-p302/lib/ruby/1.8/webrick/httpserver.rb:65:in `run'
  /Users/claudiomartins/.rvm/rubies/ruby-1.8.7-p302/lib/ruby/1.8/webrick/server.rb:173:in `start_thread'
  /Users/claudiomartins/.rvm/rubies/ruby-1.8.7-p302/lib/ruby/1.8/webrick/server.rb:162:in `start'
  /Users/claudiomartins/.rvm/rubies/ruby-1.8.7-p302/lib/ruby/1.8/webrick/server.rb:162:in `start_thread'
  /Users/claudiomartins/.rvm/rubies/ruby-1.8.7-p302/lib/ruby/1.8/webrick/server.rb:95:in `start'
  /Users/claudiomartins/.rvm/rubies/ruby-1.8.7-p302/lib/ruby/1.8/webrick/server.rb:92:in `each'
  /Users/claudiomartins/.rvm/rubies/ruby-1.8.7-p302/lib/ruby/1.8/webrick/server.rb:92:in `start'
  /Users/claudiomartins/.rvm/rubies/ruby-1.8.7-p302/lib/ruby/1.8/webrick/server.rb:23:in `start'
  /Users/claudiomartins/.rvm/rubies/ruby-1.8.7-p302/lib/ruby/1.8/webrick/server.rb:82:in `start'

Rendering rescues/layout (not_found)
  [4;35;1mSQL (0.1ms)[0m   [0mSET SQL_AUTO_IS_NULL=0[0m


Processing ApplicationController#index (for 127.0.0.1 at 2011-01-30 18:18:48) [GET]

ActionController::RoutingError (No route matches "/stylesheets/style.css" with {:method=>:get}):
  /Users/claudiomartins/.rvm/rubies/ruby-1.8.7-p302/lib/ruby/1.8/webrick/httpserver.rb:104:in `service'
  /Users/claudiomartins/.rvm/rubies/ruby-1.8.7-p302/lib/ruby/1.8/webrick/httpserver.rb:65:in `run'
  /Users/claudiomartins/.rvm/rubies/ruby-1.8.7-p302/lib/ruby/1.8/webrick/server.rb:173:in `start_thread'
  /Users/claudiomartins/.rvm/rubies/ruby-1.8.7-p302/lib/ruby/1.8/webrick/server.rb:162:in `start'
  /Users/claudiomartins/.rvm/rubies/ruby-1.8.7-p302/lib/ruby/1.8/webrick/server.rb:162:in `start_thread'
  /Users/claudiomartins/.rvm/rubies/ruby-1.8.7-p302/lib/ruby/1.8/webrick/server.rb:95:in `start'
  /Users/claudiomartins/.rvm/rubies/ruby-1.8.7-p302/lib/ruby/1.8/webrick/server.rb:92:in `each'
  /Users/claudiomartins/.rvm/rubies/ruby-1.8.7-p302/lib/ruby/1.8/webrick/server.rb:92:in `start'
  /Users/claudiomartins/.rvm/rubies/ruby-1.8.7-p302/lib/ruby/1.8/webrick/server.rb:23:in `start'
  /Users/claudiomartins/.rvm/rubies/ruby-1.8.7-p302/lib/ruby/1.8/webrick/server.rb:82:in `start'

Rendering rescues/layout (not_found)
  [4;36;1mSQL (0.2ms)[0m   [0;1mSET SQL_AUTO_IS_NULL=0[0m


Processing Admin::ProductsController#index (for 127.0.0.1 at 2011-01-30 18:19:33) [GET]
  [4;35;1mProduct Load (0.4ms)[0m   [0mSELECT * FROM `products` [0m
Rendering template within layouts/application
Rendering admin/products/index
Completed in 10ms (View: 3, DB: 1) | 200 OK [http://localhost/admin/products]
  [4;36;1mSQL (0.1ms)[0m   [0;1mSET SQL_AUTO_IS_NULL=0[0m


Processing Admin::ProductsController#new (for 127.0.0.1 at 2011-01-30 18:19:35) [GET]
  [4;35;1mProduct Columns (1.6ms)[0m   [0mSHOW FIELDS FROM `products`[0m
Rendering template within layouts/application
Rendering admin/products/new

ActionView::TemplateError (undefined method `products_path' for #<ActionView::Base:0x2a5b6d8>) on line #3 of app/views/admin/products/new.html.erb:
1: <h1>New product</h1>
2: 
3: <% form_for(@product) do |f| %>
4:   <%= f.error_messages %>
5: 
6:   <p>

    app/views/admin/products/new.html.erb:3
    app/controllers/admin/products_controller.rb:29:in `new'
    /Users/claudiomartins/.rvm/rubies/ruby-1.8.7-p302/lib/ruby/1.8/webrick/httpserver.rb:104:in `service'
    /Users/claudiomartins/.rvm/rubies/ruby-1.8.7-p302/lib/ruby/1.8/webrick/httpserver.rb:65:in `run'
    /Users/claudiomartins/.rvm/rubies/ruby-1.8.7-p302/lib/ruby/1.8/webrick/server.rb:173:in `start_thread'
    /Users/claudiomartins/.rvm/rubies/ruby-1.8.7-p302/lib/ruby/1.8/webrick/server.rb:162:in `start'
    /Users/claudiomartins/.rvm/rubies/ruby-1.8.7-p302/lib/ruby/1.8/webrick/server.rb:162:in `start_thread'
    /Users/claudiomartins/.rvm/rubies/ruby-1.8.7-p302/lib/ruby/1.8/webrick/server.rb:95:in `start'
    /Users/claudiomartins/.rvm/rubies/ruby-1.8.7-p302/lib/ruby/1.8/webrick/server.rb:92:in `each'
    /Users/claudiomartins/.rvm/rubies/ruby-1.8.7-p302/lib/ruby/1.8/webrick/server.rb:92:in `start'
    /Users/claudiomartins/.rvm/rubies/ruby-1.8.7-p302/lib/ruby/1.8/webrick/server.rb:23:in `start'
    /Users/claudiomartins/.rvm/rubies/ruby-1.8.7-p302/lib/ruby/1.8/webrick/server.rb:82:in `start'

Rendered rescues/_trace (155.9ms)
Rendered rescues/_request_and_response (0.3ms)
Rendering rescues/layout (internal_server_error)
  [4;36;1mSQL (0.1ms)[0m   [0;1mSET SQL_AUTO_IS_NULL=0[0m


Processing Admin::ProductsController#new (for 127.0.0.1 at 2011-01-30 18:22:11) [GET]
  [4;35;1mProduct Columns (1.6ms)[0m   [0mSHOW FIELDS FROM `products`[0m
Rendering template within layouts/application
Rendering admin/products/new

ActionView::TemplateError (undefined local variable or method `products_path' for #<ActionView::Base:0x2b1329c>) on line #31 of app/views/admin/products/new.html.erb:
28:   </p>
29: <% end %>
30: 
31: <%= link_to 'Back', products_path %>

    app/views/admin/products/new.html.erb:31
    app/controllers/admin/products_controller.rb:29:in `new'
    /Users/claudiomartins/.rvm/rubies/ruby-1.8.7-p302/lib/ruby/1.8/webrick/httpserver.rb:104:in `service'
    /Users/claudiomartins/.rvm/rubies/ruby-1.8.7-p302/lib/ruby/1.8/webrick/httpserver.rb:65:in `run'
    /Users/claudiomartins/.rvm/rubies/ruby-1.8.7-p302/lib/ruby/1.8/webrick/server.rb:173:in `start_thread'
    /Users/claudiomartins/.rvm/rubies/ruby-1.8.7-p302/lib/ruby/1.8/webrick/server.rb:162:in `start'
    /Users/claudiomartins/.rvm/rubies/ruby-1.8.7-p302/lib/ruby/1.8/webrick/server.rb:162:in `start_thread'
    /Users/claudiomartins/.rvm/rubies/ruby-1.8.7-p302/lib/ruby/1.8/webrick/server.rb:95:in `start'
    /Users/claudiomartins/.rvm/rubies/ruby-1.8.7-p302/lib/ruby/1.8/webrick/server.rb:92:in `each'
    /Users/claudiomartins/.rvm/rubies/ruby-1.8.7-p302/lib/ruby/1.8/webrick/server.rb:92:in `start'
    /Users/claudiomartins/.rvm/rubies/ruby-1.8.7-p302/lib/ruby/1.8/webrick/server.rb:23:in `start'
    /Users/claudiomartins/.rvm/rubies/ruby-1.8.7-p302/lib/ruby/1.8/webrick/server.rb:82:in `start'

Rendered rescues/_trace (71.7ms)
Rendered rescues/_request_and_response (0.3ms)
Rendering rescues/layout (internal_server_error)
  [4;36;1mSQL (6.6ms)[0m   [0;1mSET SQL_AUTO_IS_NULL=0[0m


Processing Admin::ProductsController#new (for 127.0.0.1 at 2011-01-30 18:26:18) [GET]
  [4;35;1mProduct Columns (1.6ms)[0m   [0mSHOW FIELDS FROM `products`[0m
Rendering template within layouts/application
Rendering admin/products/new
Completed in 28ms (View: 19, DB: 8) | 200 OK [http://localhost/admin/products/new]
  [4;36;1mSQL (0.1ms)[0m   [0;1mSET SQL_AUTO_IS_NULL=0[0m


Processing Admin::ProductsController#create (for 127.0.0.1 at 2011-01-30 18:28:08) [POST]
  Parameters: {"commit"=>"Create", "authenticity_token"=>"Y/fi9C81AznD6B7PtJWI9k1E0eoSqV+d2awUsc/HwOE=", "product"=>{"name"=>"Nome ", "cod"=>"Codigo", "cod_universal"=>"Cod universal", "product_category"=>"", "description"=>"Description"}}
  [4;35;1mProduct Columns (1.6ms)[0m   [0mSHOW FIELDS FROM `products`[0m

ActiveRecord::AssociationTypeMismatch (ProductCategory(#22333500) expected, got String(#328190)):
  app/controllers/admin/products_controller.rb:43:in `new'
  app/controllers/admin/products_controller.rb:43:in `create'
  /Users/claudiomartins/.rvm/rubies/ruby-1.8.7-p302/lib/ruby/1.8/webrick/httpserver.rb:104:in `service'
  /Users/claudiomartins/.rvm/rubies/ruby-1.8.7-p302/lib/ruby/1.8/webrick/httpserver.rb:65:in `run'
  /Users/claudiomartins/.rvm/rubies/ruby-1.8.7-p302/lib/ruby/1.8/webrick/server.rb:173:in `start_thread'
  /Users/claudiomartins/.rvm/rubies/ruby-1.8.7-p302/lib/ruby/1.8/webrick/server.rb:162:in `start'
  /Users/claudiomartins/.rvm/rubies/ruby-1.8.7-p302/lib/ruby/1.8/webrick/server.rb:162:in `start_thread'
  /Users/claudiomartins/.rvm/rubies/ruby-1.8.7-p302/lib/ruby/1.8/webrick/server.rb:95:in `start'
  /Users/claudiomartins/.rvm/rubies/ruby-1.8.7-p302/lib/ruby/1.8/webrick/server.rb:92:in `each'
  /Users/claudiomartins/.rvm/rubies/ruby-1.8.7-p302/lib/ruby/1.8/webrick/server.rb:92:in `start'
  /Users/claudiomartins/.rvm/rubies/ruby-1.8.7-p302/lib/ruby/1.8/webrick/server.rb:23:in `start'
  /Users/claudiomartins/.rvm/rubies/ruby-1.8.7-p302/lib/ruby/1.8/webrick/server.rb:82:in `start'

Rendered rescues/_trace (62.8ms)
Rendered rescues/_request_and_response (0.5ms)
Rendering rescues/layout (internal_server_error)
  [4;36;1mSQL (0.1ms)[0m   [0;1mSET SQL_AUTO_IS_NULL=0[0m


Processing Admin::ProductsController#index (for 127.0.0.1 at 2011-01-30 18:30:17) [GET]
  [4;35;1mProduct Load (0.4ms)[0m   [0mSELECT * FROM `products` [0m
Rendering template within layouts/application
Rendering admin/products/index
Completed in 11ms (View: 3, DB: 1) | 200 OK [http://localhost/admin/products]
  [4;36;1mSQL (0.2ms)[0m   [0;1mSET SQL_AUTO_IS_NULL=0[0m


Processing Admin::ProductsController#index (for 127.0.0.1 at 2011-01-30 18:30:49) [GET]
  [4;35;1mProduct Load (0.4ms)[0m   [0mSELECT * FROM `products` [0m
Rendering template within layouts/application
Rendering admin/products/index
  [4;36;1mProduct Columns (1.5ms)[0m   [0;1mSHOW FIELDS FROM `products`[0m

ActionView::TemplateError (undefined method `product_path' for #<ActionView::Base:0x2b48654>) on line #19 of app/views/admin/products/index.html.erb:
16:     <td><%=h product.cod_universal %></td>
17:     <td><%=h product.description %></td>
18:     <td><%=h product.product_category %></td>
19:     <td><%= link_to 'Show', product %></td>
20:     <td><%= link_to 'Edit', edit_admin_product_path(product) %></td>
21:     <td><%= link_to 'Destroy', product, :confirm => 'Are you sure?', :method => :delete %></td>
22:   </tr>

    app/views/admin/products/index.html.erb:19
    app/views/admin/products/index.html.erb:12:in `each'
    app/views/admin/products/index.html.erb:12
    app/controllers/admin/products_controller.rb:7:in `index'
    /Users/claudiomartins/.rvm/rubies/ruby-1.8.7-p302/lib/ruby/1.8/webrick/httpserver.rb:104:in `service'
    /Users/claudiomartins/.rvm/rubies/ruby-1.8.7-p302/lib/ruby/1.8/webrick/httpserver.rb:65:in `run'
    /Users/claudiomartins/.rvm/rubies/ruby-1.8.7-p302/lib/ruby/1.8/webrick/server.rb:173:in `start_thread'
    /Users/claudiomartins/.rvm/rubies/ruby-1.8.7-p302/lib/ruby/1.8/webrick/server.rb:162:in `start'
    /Users/claudiomartins/.rvm/rubies/ruby-1.8.7-p302/lib/ruby/1.8/webrick/server.rb:162:in `start_thread'
    /Users/claudiomartins/.rvm/rubies/ruby-1.8.7-p302/lib/ruby/1.8/webrick/server.rb:95:in `start'
    /Users/claudiomartins/.rvm/rubies/ruby-1.8.7-p302/lib/ruby/1.8/webrick/server.rb:92:in `each'
    /Users/claudiomartins/.rvm/rubies/ruby-1.8.7-p302/lib/ruby/1.8/webrick/server.rb:92:in `start'
    /Users/claudiomartins/.rvm/rubies/ruby-1.8.7-p302/lib/ruby/1.8/webrick/server.rb:23:in `start'
    /Users/claudiomartins/.rvm/rubies/ruby-1.8.7-p302/lib/ruby/1.8/webrick/server.rb:82:in `start'

Rendered rescues/_trace (65.0ms)
Rendered rescues/_request_and_response (0.2ms)
Rendering rescues/layout (internal_server_error)
  [4;35;1mSQL (0.1ms)[0m   [0mSET SQL_AUTO_IS_NULL=0[0m


Processing Admin::ProductsController#edit (for 127.0.0.1 at 2011-01-30 18:31:17) [GET]
  Parameters: {"id"=>"1"}
  [4;36;1mProduct Columns (1.6ms)[0m   [0;1mSHOW FIELDS FROM `products`[0m
  [4;35;1mProduct Load (0.4ms)[0m   [0mSELECT * FROM `products` WHERE (`products`.`id` = 1) [0m
Rendering template within layouts/application
Rendering admin/products/edit

ActionView::TemplateError (undefined method `product_path' for #<ActionView::Base:0x2c070a4>) on line #31 of app/views/admin/products/edit.html.erb:
28:   </p>
29: <% end %>
30: 
31: <%= link_to 'Show', @product %> |
32: <%= link_to 'Voltar', admin_products_path %>

    app/views/admin/products/edit.html.erb:31
    /Users/claudiomartins/.rvm/rubies/ruby-1.8.7-p302/lib/ruby/1.8/webrick/httpserver.rb:104:in `service'
    /Users/claudiomartins/.rvm/rubies/ruby-1.8.7-p302/lib/ruby/1.8/webrick/httpserver.rb:65:in `run'
    /Users/claudiomartins/.rvm/rubies/ruby-1.8.7-p302/lib/ruby/1.8/webrick/server.rb:173:in `start_thread'
    /Users/claudiomartins/.rvm/rubies/ruby-1.8.7-p302/lib/ruby/1.8/webrick/server.rb:162:in `start'
    /Users/claudiomartins/.rvm/rubies/ruby-1.8.7-p302/lib/ruby/1.8/webrick/server.rb:162:in `start_thread'
    /Users/claudiomartins/.rvm/rubies/ruby-1.8.7-p302/lib/ruby/1.8/webrick/server.rb:95:in `start'
    /Users/claudiomartins/.rvm/rubies/ruby-1.8.7-p302/lib/ruby/1.8/webrick/server.rb:92:in `each'
    /Users/claudiomartins/.rvm/rubies/ruby-1.8.7-p302/lib/ruby/1.8/webrick/server.rb:92:in `start'
    /Users/claudiomartins/.rvm/rubies/ruby-1.8.7-p302/lib/ruby/1.8/webrick/server.rb:23:in `start'
    /Users/claudiomartins/.rvm/rubies/ruby-1.8.7-p302/lib/ruby/1.8/webrick/server.rb:82:in `start'

Rendered rescues/_trace (68.4ms)
Rendered rescues/_request_and_response (0.3ms)
Rendering rescues/layout (internal_server_error)
  [4;36;1mSQL (0.1ms)[0m   [0;1mSET SQL_AUTO_IS_NULL=0[0m


Processing Admin::ProductsController#edit (for 127.0.0.1 at 2011-01-30 18:33:02) [GET]
  Parameters: {"id"=>"1"}
  [4;35;1mProduct Columns (1.8ms)[0m   [0mSHOW FIELDS FROM `products`[0m
  [4;36;1mProduct Load (0.3ms)[0m   [0;1mSELECT * FROM `products` WHERE (`products`.`id` = 1) [0m
Rendering template within layouts/application
Rendering admin/products/edit

ActionView::TemplateError (undefined method `product_path' for #<ActionView::Base:0x29dbe88>) on line #31 of app/views/admin/products/edit.html.erb:
28:   </p>
29: <% end %>
30: 
31: <%= link_to 'Show', @product %> |
32: <%= link_to 'Voltar', admin_products_path %>

    app/views/admin/products/edit.html.erb:31
    /Users/claudiomartins/.rvm/rubies/ruby-1.8.7-p302/lib/ruby/1.8/webrick/httpserver.rb:104:in `service'
    /Users/claudiomartins/.rvm/rubies/ruby-1.8.7-p302/lib/ruby/1.8/webrick/httpserver.rb:65:in `run'
    /Users/claudiomartins/.rvm/rubies/ruby-1.8.7-p302/lib/ruby/1.8/webrick/server.rb:173:in `start_thread'
    /Users/claudiomartins/.rvm/rubies/ruby-1.8.7-p302/lib/ruby/1.8/webrick/server.rb:162:in `start'
    /Users/claudiomartins/.rvm/rubies/ruby-1.8.7-p302/lib/ruby/1.8/webrick/server.rb:162:in `start_thread'
    /Users/claudiomartins/.rvm/rubies/ruby-1.8.7-p302/lib/ruby/1.8/webrick/server.rb:95:in `start'
    /Users/claudiomartins/.rvm/rubies/ruby-1.8.7-p302/lib/ruby/1.8/webrick/server.rb:92:in `each'
    /Users/claudiomartins/.rvm/rubies/ruby-1.8.7-p302/lib/ruby/1.8/webrick/server.rb:92:in `start'
    /Users/claudiomartins/.rvm/rubies/ruby-1.8.7-p302/lib/ruby/1.8/webrick/server.rb:23:in `start'
    /Users/claudiomartins/.rvm/rubies/ruby-1.8.7-p302/lib/ruby/1.8/webrick/server.rb:82:in `start'

Rendered rescues/_trace (151.0ms)
Rendered rescues/_request_and_response (0.3ms)
Rendering rescues/layout (internal_server_error)
  [4;35;1mSQL (0.1ms)[0m   [0mSET SQL_AUTO_IS_NULL=0[0m


Processing Admin::ProductsController#edit (for 127.0.0.1 at 2011-01-30 18:33:07) [GET]
  Parameters: {"id"=>"1"}
  [4;36;1mProduct Columns (1.6ms)[0m   [0;1mSHOW FIELDS FROM `products`[0m
  [4;35;1mProduct Load (0.3ms)[0m   [0mSELECT * FROM `products` WHERE (`products`.`id` = 1) [0m
Rendering template within layouts/application
Rendering admin/products/edit

ActionView::TemplateError (undefined method `product_path' for #<ActionView::Base:0x2ae5518>) on line #31 of app/views/admin/products/edit.html.erb:
28:   </p>
29: <% end %>
30: 
31: <%= link_to 'Show', @product %> |
32: <%= link_to 'Voltar', admin_products_path %>

    app/views/admin/products/edit.html.erb:31
    /Users/claudiomartins/.rvm/rubies/ruby-1.8.7-p302/lib/ruby/1.8/webrick/httpserver.rb:104:in `service'
    /Users/claudiomartins/.rvm/rubies/ruby-1.8.7-p302/lib/ruby/1.8/webrick/httpserver.rb:65:in `run'
    /Users/claudiomartins/.rvm/rubies/ruby-1.8.7-p302/lib/ruby/1.8/webrick/server.rb:173:in `start_thread'
    /Users/claudiomartins/.rvm/rubies/ruby-1.8.7-p302/lib/ruby/1.8/webrick/server.rb:162:in `start'
    /Users/claudiomartins/.rvm/rubies/ruby-1.8.7-p302/lib/ruby/1.8/webrick/server.rb:162:in `start_thread'
    /Users/claudiomartins/.rvm/rubies/ruby-1.8.7-p302/lib/ruby/1.8/webrick/server.rb:95:in `start'
    /Users/claudiomartins/.rvm/rubies/ruby-1.8.7-p302/lib/ruby/1.8/webrick/server.rb:92:in `each'
    /Users/claudiomartins/.rvm/rubies/ruby-1.8.7-p302/lib/ruby/1.8/webrick/server.rb:92:in `start'
    /Users/claudiomartins/.rvm/rubies/ruby-1.8.7-p302/lib/ruby/1.8/webrick/server.rb:23:in `start'
    /Users/claudiomartins/.rvm/rubies/ruby-1.8.7-p302/lib/ruby/1.8/webrick/server.rb:82:in `start'

Rendered rescues/_trace (68.5ms)
Rendered rescues/_request_and_response (0.3ms)
Rendering rescues/layout (internal_server_error)
  [4;36;1mSQL (0.1ms)[0m   [0;1mSET SQL_AUTO_IS_NULL=0[0m


Processing Admin::ProductsController#edit (for 127.0.0.1 at 2011-01-30 18:33:23) [GET]
  Parameters: {"id"=>"1"}
  [4;35;1mProduct Columns (1.6ms)[0m   [0mSHOW FIELDS FROM `products`[0m
  [4;36;1mProduct Load (0.3ms)[0m   [0;1mSELECT * FROM `products` WHERE (`products`.`id` = 1) [0m
Rendering template within layouts/application
Rendering admin/products/edit

ActionView::TemplateError (undefined method `admin_product' for #<ActionView::Base:0x2bbaca4>) on line #31 of app/views/admin/products/edit.html.erb:
28:   </p>
29: <% end %>
30: 
31: <%= link_to 'Visualizar', admin_product(@product) %> |
32: <%= link_to 'Voltar', admin_products_path %>

    app/views/admin/products/edit.html.erb:31
    /Users/claudiomartins/.rvm/rubies/ruby-1.8.7-p302/lib/ruby/1.8/webrick/httpserver.rb:104:in `service'
    /Users/claudiomartins/.rvm/rubies/ruby-1.8.7-p302/lib/ruby/1.8/webrick/httpserver.rb:65:in `run'
    /Users/claudiomartins/.rvm/rubies/ruby-1.8.7-p302/lib/ruby/1.8/webrick/server.rb:173:in `start_thread'
    /Users/claudiomartins/.rvm/rubies/ruby-1.8.7-p302/lib/ruby/1.8/webrick/server.rb:162:in `start'
    /Users/claudiomartins/.rvm/rubies/ruby-1.8.7-p302/lib/ruby/1.8/webrick/server.rb:162:in `start_thread'
    /Users/claudiomartins/.rvm/rubies/ruby-1.8.7-p302/lib/ruby/1.8/webrick/server.rb:95:in `start'
    /Users/claudiomartins/.rvm/rubies/ruby-1.8.7-p302/lib/ruby/1.8/webrick/server.rb:92:in `each'
    /Users/claudiomartins/.rvm/rubies/ruby-1.8.7-p302/lib/ruby/1.8/webrick/server.rb:92:in `start'
    /Users/claudiomartins/.rvm/rubies/ruby-1.8.7-p302/lib/ruby/1.8/webrick/server.rb:23:in `start'
    /Users/claudiomartins/.rvm/rubies/ruby-1.8.7-p302/lib/ruby/1.8/webrick/server.rb:82:in `start'

Rendered rescues/_trace (64.7ms)
Rendered rescues/_request_and_response (0.3ms)
Rendering rescues/layout (internal_server_error)
  [4;35;1mSQL (0.1ms)[0m   [0mSET SQL_AUTO_IS_NULL=0[0m


Processing Admin::ProductsController#edit (for 127.0.0.1 at 2011-01-30 18:33:39) [GET]
  Parameters: {"id"=>"1"}
  [4;36;1mProduct Columns (1.8ms)[0m   [0;1mSHOW FIELDS FROM `products`[0m
  [4;35;1mProduct Load (0.4ms)[0m   [0mSELECT * FROM `products` WHERE (`products`.`id` = 1) [0m
Rendering template within layouts/application
Rendering admin/products/edit
Completed in 32ms (View: 22, DB: 2) | 200 OK [http://localhost/admin/products/1/edit]
  [4;36;1mSQL (0.2ms)[0m   [0;1mSET SQL_AUTO_IS_NULL=0[0m


Processing Admin::ProductsController#index (for 127.0.0.1 at 2011-01-30 18:34:15) [GET]
  [4;35;1mProduct Load (0.4ms)[0m   [0mSELECT * FROM `products` [0m
Rendering template within layouts/application
Rendering admin/products/index
  [4;36;1mProduct Columns (1.5ms)[0m   [0;1mSHOW FIELDS FROM `products`[0m

ActionView::TemplateError (undefined method `product_path' for #<ActionView::Base:0x2ba2104>) on line #19 of app/views/admin/products/index.html.erb:
16:     <td><%=h product.cod_universal %></td>
17:     <td><%=h product.description %></td>
18:     <td><%=h product.product_category %></td>
19:     <td><%= link_to 'Show', product %></td>
20:     <td><%= link_to 'Edit', edit_admin_product_path(product) %></td>
21:     <td><%= link_to 'Destroy', product, :confirm => 'Are you sure?', :method => :delete %></td>
22:   </tr>

    app/views/admin/products/index.html.erb:19
    app/views/admin/products/index.html.erb:12:in `each'
    app/views/admin/products/index.html.erb:12
    app/controllers/admin/products_controller.rb:7:in `index'
    /Users/claudiomartins/.rvm/rubies/ruby-1.8.7-p302/lib/ruby/1.8/webrick/httpserver.rb:104:in `service'
    /Users/claudiomartins/.rvm/rubies/ruby-1.8.7-p302/lib/ruby/1.8/webrick/httpserver.rb:65:in `run'
    /Users/claudiomartins/.rvm/rubies/ruby-1.8.7-p302/lib/ruby/1.8/webrick/server.rb:173:in `start_thread'
    /Users/claudiomartins/.rvm/rubies/ruby-1.8.7-p302/lib/ruby/1.8/webrick/server.rb:162:in `start'
    /Users/claudiomartins/.rvm/rubies/ruby-1.8.7-p302/lib/ruby/1.8/webrick/server.rb:162:in `start_thread'
    /Users/claudiomartins/.rvm/rubies/ruby-1.8.7-p302/lib/ruby/1.8/webrick/server.rb:95:in `start'
    /Users/claudiomartins/.rvm/rubies/ruby-1.8.7-p302/lib/ruby/1.8/webrick/server.rb:92:in `each'
    /Users/claudiomartins/.rvm/rubies/ruby-1.8.7-p302/lib/ruby/1.8/webrick/server.rb:92:in `start'
    /Users/claudiomartins/.rvm/rubies/ruby-1.8.7-p302/lib/ruby/1.8/webrick/server.rb:23:in `start'
    /Users/claudiomartins/.rvm/rubies/ruby-1.8.7-p302/lib/ruby/1.8/webrick/server.rb:82:in `start'

Rendered rescues/_trace (61.5ms)
Rendered rescues/_request_and_response (0.2ms)
Rendering rescues/layout (internal_server_error)
  [4;35;1mSQL (0.1ms)[0m   [0mSET SQL_AUTO_IS_NULL=0[0m


Processing Admin::ProductsController#index (for 127.0.0.1 at 2011-01-30 18:35:24) [GET]
  [4;36;1mProduct Load (0.4ms)[0m   [0;1mSELECT * FROM `products` [0m
Rendering template within layouts/application
Rendering admin/products/index
  [4;35;1mProduct Columns (1.5ms)[0m   [0mSHOW FIELDS FROM `products`[0m

ActionView::TemplateError (undefined method `product_path' for #<ActionView::Base:0x29aadd8>) on line #21 of app/views/admin/products/index.html.erb:
18:     <td><%=h product.product_category %></td>
19:     <td><%= link_to 'Visualizar', admin_product_path(product) %></td>
20:     <td><%= link_to 'Edit', edit_admin_product_path(product) %></td>
21:     <td><%= link_to 'Destroy', product, :confirm => 'Are you sure?', :method => :delete %></td>
22:   </tr>
23: <% end %>
24: </table>

    app/views/admin/products/index.html.erb:21
    app/views/admin/products/index.html.erb:12:in `each'
    app/views/admin/products/index.html.erb:12
    app/controllers/admin/products_controller.rb:7:in `index'
    /Users/claudiomartins/.rvm/rubies/ruby-1.8.7-p302/lib/ruby/1.8/webrick/httpserver.rb:104:in `service'
    /Users/claudiomartins/.rvm/rubies/ruby-1.8.7-p302/lib/ruby/1.8/webrick/httpserver.rb:65:in `run'
    /Users/claudiomartins/.rvm/rubies/ruby-1.8.7-p302/lib/ruby/1.8/webrick/server.rb:173:in `start_thread'
    /Users/claudiomartins/.rvm/rubies/ruby-1.8.7-p302/lib/ruby/1.8/webrick/server.rb:162:in `start'
    /Users/claudiomartins/.rvm/rubies/ruby-1.8.7-p302/lib/ruby/1.8/webrick/server.rb:162:in `start_thread'
    /Users/claudiomartins/.rvm/rubies/ruby-1.8.7-p302/lib/ruby/1.8/webrick/server.rb:95:in `start'
    /Users/claudiomartins/.rvm/rubies/ruby-1.8.7-p302/lib/ruby/1.8/webrick/server.rb:92:in `each'
    /Users/claudiomartins/.rvm/rubies/ruby-1.8.7-p302/lib/ruby/1.8/webrick/server.rb:92:in `start'
    /Users/claudiomartins/.rvm/rubies/ruby-1.8.7-p302/lib/ruby/1.8/webrick/server.rb:23:in `start'
    /Users/claudiomartins/.rvm/rubies/ruby-1.8.7-p302/lib/ruby/1.8/webrick/server.rb:82:in `start'

Rendered rescues/_trace (78.4ms)
Rendered rescues/_request_and_response (0.3ms)
Rendering rescues/layout (internal_server_error)
  [4;36;1mSQL (0.1ms)[0m   [0;1mSET SQL_AUTO_IS_NULL=0[0m


Processing Admin::ProductsController#index (for 127.0.0.1 at 2011-01-30 18:36:08) [GET]
  [4;35;1mProduct Load (0.4ms)[0m   [0mSELECT * FROM `products` [0m
Rendering template within layouts/application
Rendering admin/products/index
  [4;36;1mProduct Columns (1.6ms)[0m   [0;1mSHOW FIELDS FROM `products`[0m

ActionView::TemplateError (undefined method `product_path' for #<ActionView::Base:0x2a38480>) on line #21 of app/views/admin/products/index.html.erb:
18:     <td><%=h product.product_category %></td>
19:     <td><%= link_to 'Visualizar', admin_product_path(product) %></td>
20:     <td><%= link_to 'Edit', edit_admin_product_path(product) %></td>
21:     <td><%= link_to 'Destroy', product, :confirm => 'Are you sure?', :method => :delete %></td>
22:   </tr>
23: <% end %>
24: </table>

    app/views/admin/products/index.html.erb:21
    app/views/admin/products/index.html.erb:12:in `each'
    app/views/admin/products/index.html.erb:12
    app/controllers/admin/products_controller.rb:7:in `index'
    /Users/claudiomartins/.rvm/rubies/ruby-1.8.7-p302/lib/ruby/1.8/webrick/httpserver.rb:104:in `service'
    /Users/claudiomartins/.rvm/rubies/ruby-1.8.7-p302/lib/ruby/1.8/webrick/httpserver.rb:65:in `run'
    /Users/claudiomartins/.rvm/rubies/ruby-1.8.7-p302/lib/ruby/1.8/webrick/server.rb:173:in `start_thread'
    /Users/claudiomartins/.rvm/rubies/ruby-1.8.7-p302/lib/ruby/1.8/webrick/server.rb:162:in `start'
    /Users/claudiomartins/.rvm/rubies/ruby-1.8.7-p302/lib/ruby/1.8/webrick/server.rb:162:in `start_thread'
    /Users/claudiomartins/.rvm/rubies/ruby-1.8.7-p302/lib/ruby/1.8/webrick/server.rb:95:in `start'
    /Users/claudiomartins/.rvm/rubies/ruby-1.8.7-p302/lib/ruby/1.8/webrick/server.rb:92:in `each'
    /Users/claudiomartins/.rvm/rubies/ruby-1.8.7-p302/lib/ruby/1.8/webrick/server.rb:92:in `start'
    /Users/claudiomartins/.rvm/rubies/ruby-1.8.7-p302/lib/ruby/1.8/webrick/server.rb:23:in `start'
    /Users/claudiomartins/.rvm/rubies/ruby-1.8.7-p302/lib/ruby/1.8/webrick/server.rb:82:in `start'

Rendered rescues/_trace (159.7ms)
Rendered rescues/_request_and_response (0.3ms)
Rendering rescues/layout (internal_server_error)
  [4;35;1mSQL (0.1ms)[0m   [0mSET SQL_AUTO_IS_NULL=0[0m


Processing Admin::ProductsController#index (for 127.0.0.1 at 2011-01-30 18:41:06) [GET]
  [4;36;1mProduct Load (0.4ms)[0m   [0;1mSELECT * FROM `products` [0m
Rendering template within layouts/application
Rendering admin/products/index
  [4;35;1mProduct Columns (1.5ms)[0m   [0mSHOW FIELDS FROM `products`[0m
Completed in 23ms (View: 14, DB: 2) | 200 OK [http://localhost/admin/products]
  [4;36;1mSQL (0.2ms)[0m   [0;1mSET SQL_AUTO_IS_NULL=0[0m


Processing Admin::ProductsController#show (for 127.0.0.1 at 2011-01-30 18:41:56) [GET]
  Parameters: {"id"=>"1"}
  [4;35;1mProduct Columns (1.6ms)[0m   [0mSHOW FIELDS FROM `products`[0m
  [4;36;1mProduct Load (0.3ms)[0m   [0;1mSELECT * FROM `products` WHERE (`products`.`id` = 1) [0m
Rendering template within layouts/application
Rendering admin/products/show
Completed in 20ms (View: 10, DB: 2) | 200 OK [http://localhost/admin/products/1]
  [4;35;1mSQL (0.1ms)[0m   [0mSET SQL_AUTO_IS_NULL=0[0m


Processing Admin::ProductsController#edit (for 127.0.0.1 at 2011-01-30 18:41:58) [GET]
  Parameters: {"id"=>"1"}
  [4;36;1mProduct Columns (1.6ms)[0m   [0;1mSHOW FIELDS FROM `products`[0m
  [4;35;1mProduct Load (0.3ms)[0m   [0mSELECT * FROM `products` WHERE (`products`.`id` = 1) [0m
Rendering template within layouts/application
Rendering admin/products/edit
Completed in 30ms (View: 20, DB: 2) | 200 OK [http://localhost/admin/products/1/edit]
  [4;36;1mSQL (0.1ms)[0m   [0;1mSET SQL_AUTO_IS_NULL=0[0m


Processing Admin::ProductsController#index (for 127.0.0.1 at 2011-01-30 18:42:00) [GET]
  [4;35;1mProduct Load (0.3ms)[0m   [0mSELECT * FROM `products` [0m
Rendering template within layouts/application
Rendering admin/products/index
  [4;36;1mProduct Columns (1.6ms)[0m   [0;1mSHOW FIELDS FROM `products`[0m
Completed in 25ms (View: 16, DB: 2) | 200 OK [http://localhost/admin/products]
  [4;35;1mSQL (0.1ms)[0m   [0mSET SQL_AUTO_IS_NULL=0[0m


Processing Admin::ProductsController#edit (for 127.0.0.1 at 2011-01-30 18:42:02) [GET]
  Parameters: {"id"=>"1"}
  [4;36;1mProduct Columns (1.9ms)[0m   [0;1mSHOW FIELDS FROM `products`[0m
  [4;35;1mProduct Load (0.3ms)[0m   [0mSELECT * FROM `products` WHERE (`products`.`id` = 1) [0m
Rendering template within layouts/application
Rendering admin/products/edit
Completed in 24ms (View: 15, DB: 2) | 200 OK [http://localhost/admin/products/1/edit]
  [4;36;1mSQL (0.1ms)[0m   [0;1mSET SQL_AUTO_IS_NULL=0[0m


Processing Admin::ProductsController#index (for 127.0.0.1 at 2011-01-30 18:42:03) [GET]
  [4;35;1mProduct Load (0.4ms)[0m   [0mSELECT * FROM `products` [0m
Rendering template within layouts/application
Rendering admin/products/index
  [4;36;1mProduct Columns (1.5ms)[0m   [0;1mSHOW FIELDS FROM `products`[0m
Completed in 18ms (View: 9, DB: 2) | 200 OK [http://localhost/admin/products]
  [4;35;1mSQL (0.1ms)[0m   [0mSET SQL_AUTO_IS_NULL=0[0m


Processing Admin::ProductsController#edit (for 127.0.0.1 at 2011-01-30 18:44:40) [GET]
  Parameters: {"id"=>"1"}
  [4;36;1mProduct Columns (1.6ms)[0m   [0;1mSHOW FIELDS FROM `products`[0m
  [4;35;1mProduct Load (0.3ms)[0m   [0mSELECT * FROM `products` WHERE (`products`.`id` = 1) [0m
Rendering template within layouts/application
Rendering admin/products/edit
Completed in 24ms (View: 15, DB: 2) | 200 OK [http://localhost/admin/products/1/edit]
